2025-09-25 14:48:35,500 - ERROR - Ошибка при получении экспериментов: Experiment.from_database_dict() missing 1 required positional argument: 'columns'
2025-09-25 17:02:10,665 - ERROR - Ошибка при получении экспериментов: Experiment.from_database_dict() missing 1 required positional argument: 'columns'
2025-09-25 17:08:21,868 - ERROR - Ошибка при получении экспериментов: 'utf-8' codec can't decode byte 0xc2 in position 61: invalid continuation byte
2025-09-25 17:08:29,155 - ERROR - Ошибка при получении экспериментов: 'utf-8' codec can't decode byte 0xc2 in position 61: invalid continuation byte
2025-09-25 17:23:39,452 - ERROR - Ошибка при получении экспериментов: 'utf-8' codec can't decode byte 0xc2 in position 61: invalid continuation byte
2025-09-25 22:51:32,419 - INFO - ============================================================
2025-09-25 22:51:32,419 - INFO - Запуск приложения 'Платформа для A/B тестирования'
2025-09-25 22:51:32,419 - INFO - ============================================================
2025-09-25 22:51:32,563 - CRITICAL - Ошибка при запуске приложения: type object 'ApplicationAttribute' has no attribute 'AA_EnableHighDpiScaling'
2025-09-25 22:51:32,569 - INFO - Приложение корректно завершило работу
2025-09-25 22:51:32,570 - INFO - ============================================================
2025-09-25 22:51:32,570 - INFO - Завершение работы приложения
2025-09-25 22:51:32,570 - INFO - ============================================================
2025-09-25 23:13:17,044 - INFO - ============================================================
2025-09-25 23:13:17,045 - INFO - Запуск приложения 'Платформа для A/B тестирования'
2025-09-25 23:13:17,045 - INFO - ============================================================
2025-09-25 23:13:17,153 - INFO - Создание главного окна приложения
2025-09-25 23:13:17,215 - INFO - Главное окно приложения инициализировано
2025-09-25 23:13:17,215 - INFO - Отображение главного окна
2025-09-25 23:13:17,343 - INFO - Запуск главного цикла обработки событий
2025-09-25 23:13:26,849 - ERROR - Ошибка при создании таблиц: 'utf-8' codec can't decode byte 0xc2 in position 61: invalid continuation byte
2025-09-25 23:13:32,221 - ERROR - Ошибка при получении экспериментов: 'utf-8' codec can't decode byte 0xc2 in position 61: invalid continuation byte
2025-09-25 23:13:32,221 - ERROR - Ошибки при загрузке данных: 'utf-8' codec can't decode byte 0xc2 in position 61: invalid continuation byte
2025-09-25 23:13:37,205 - INFO - Окно просмотра данных создано
2025-09-25 23:13:37,223 - INFO - Окно просмотра данных было открыто
2025-09-25 23:13:41,534 - INFO - Окно просмотра данных закрыто
2025-09-25 23:13:44,903 - INFO - Приложение завершено с кодом возврата: 0
2025-09-25 23:13:44,935 - INFO - Приложение корректно завершило работу
2025-09-25 23:13:44,936 - INFO - ============================================================
2025-09-25 23:13:44,936 - INFO - Завершение работы приложения
2025-09-25 23:13:44,936 - INFO - ============================================================
2025-09-26 10:18:07,941 - INFO - ============================================================
2025-09-26 10:18:07,942 - INFO - Запуск приложения 'Платформа для A/B тестирования'
2025-09-26 10:18:07,942 - INFO - ============================================================
2025-09-26 10:18:08,080 - INFO - Создание главного окна приложения
2025-09-26 10:18:08,124 - INFO - Главное окно приложения инициализировано
2025-09-26 10:18:08,124 - INFO - Отображение главного окна
2025-09-26 10:18:08,212 - INFO - Запуск главного цикла обработки событий
2025-09-26 10:18:14,494 - INFO - Таблицы базы данных успешно созданы
2025-09-26 10:18:20,666 - INFO - Диалоговое окно открыто
2025-09-26 10:18:20,699 - ERROR - Необработанное исключение: Traceback (most recent call last):
  File "C:\Users\Станислав\PycharmProjects\PythonProject228\windows.py", line 68, in open_add_data_dialog
    if dialog.exec() == QDialog.DialogCode.Accepted:
       ^^^^^^^^^^^^
AttributeError: 'AddDataDialog' object has no attribute 'exec_'. Did you mean: 'exec'?

2025-09-26 10:18:20,699 - ERROR - Критическая ошибка: Произошла критическая ошибка:
'AddDataDialog' object has no attribute 'exec_'

Подробности в лог-файле.
2025-09-26 10:18:31,345 - INFO - Диалоговое окно открыто
2025-09-26 10:18:31,346 - ERROR - Необработанное исключение: Traceback (most recent call last):
  File "C:\Users\Станислав\PycharmProjects\PythonProject228\windows.py", line 68, in open_add_data_dialog
    if dialog.exec() == QDialog.DialogCode.Accepted:
       ^^^^^^^^^^^^
AttributeError: 'AddDataDialog' object has no attribute 'exec_'. Did you mean: 'exec'?

2025-09-26 10:18:31,346 - ERROR - Критическая ошибка: Произошла критическая ошибка:
'AddDataDialog' object has no attribute 'exec_'

Подробности в лог-файле.
2025-09-26 10:19:40,092 - ERROR - Необработанное исключение: Traceback (most recent call last):
  File "C:\Users\Станислав\PycharmProjects\PythonProject228\windows.py", line 80, in open_logs_windows
    self.logs_window = LogsWindows(self)
                       ~~~~~~~~~~~^^^^^^
  File "C:\Users\Станислав\PycharmProjects\PythonProject228\windows.py", line 99, in __init__
    self.refresh_bth.clicked.connect(self.load_logs)
    ^^^^^^^^^^^^^^^^
AttributeError: 'LogsWindows' object has no attribute 'refresh_bth'. Did you mean: 'refresh_btn'?

2025-09-26 10:19:40,092 - ERROR - Критическая ошибка: Произошла критическая ошибка:
'LogsWindows' object has no attribute 'refresh_bth'

Подробности в лог-файле.
2025-09-26 10:54:19,062 - INFO - Приложение завершено с кодом возврата: 0
2025-09-26 10:54:19,063 - INFO - Приложение корректно завершило работу
2025-09-26 10:54:19,063 - INFO - ============================================================
2025-09-26 10:54:19,063 - INFO - Завершение работы приложения
2025-09-26 10:54:19,063 - INFO - ============================================================
2025-09-26 11:00:27,975 - INFO - ============================================================
2025-09-26 11:00:27,975 - INFO - Запуск приложения 'Платформа для A/B тестирования'
2025-09-26 11:00:27,975 - INFO - ============================================================
2025-09-26 11:00:28,046 - INFO - Создание главного окна приложения
2025-09-26 11:00:28,058 - INFO - Главное окно приложения инициализировано
2025-09-26 11:00:28,058 - INFO - Отображение главного окна
2025-09-26 11:00:28,142 - INFO - Запуск главного цикла обработки событий
2025-09-26 11:00:31,578 - INFO - Диалоговое окно открыто
2025-09-26 11:00:38,006 - INFO - Получено 0 экспериментов
2025-09-26 11:00:38,014 - INFO - Загружено 0 экспериментов
2025-09-26 11:00:38,014 - INFO - Окно просмотра данных создано
2025-09-26 11:00:38,031 - INFO - Окно просмотра данных было открыто
2025-09-26 11:00:40,957 - INFO - Окно просмотра данных закрыто
2025-09-26 11:00:42,378 - ERROR - Необработанное исключение: Traceback (most recent call last):
  File "C:\Users\Станислав\PycharmProjects\PythonProject228\windows.py", line 80, in open_logs_windows
    self.logs_window = LogsWindows(self)
                       ~~~~~~~~~~~^^^^^^
  File "C:\Users\Станислав\PycharmProjects\PythonProject228\windows.py", line 99, in __init__
    self.refresh_bth.clicked.connect(self.load_logs)
    ^^^^^^^^^^^^^^^^
AttributeError: 'LogsWindows' object has no attribute 'refresh_bth'. Did you mean: 'refresh_btn'?

2025-09-26 11:00:42,378 - ERROR - Критическая ошибка: Произошла критическая ошибка:
'LogsWindows' object has no attribute 'refresh_bth'

Подробности в лог-файле.
2025-09-26 11:06:25,422 - INFO - Приложение завершено с кодом возврата: 0
2025-09-26 11:06:25,423 - INFO - Приложение корректно завершило работу
2025-09-26 11:06:25,423 - INFO - ============================================================
2025-09-26 11:06:25,423 - INFO - Завершение работы приложения
2025-09-26 11:06:25,423 - INFO - ============================================================
2025-09-26 11:18:27,796 - INFO - ============================================================
2025-09-26 11:18:27,797 - INFO - Запуск приложения 'Платформа для A/B тестирования'
2025-09-26 11:18:27,797 - INFO - ============================================================
2025-09-26 11:18:27,936 - INFO - Создание главного окна приложения
2025-09-26 11:18:27,979 - INFO - Главное окно приложения инициализировано
2025-09-26 11:18:27,979 - INFO - Отображение главного окна
2025-09-26 11:18:28,117 - INFO - Запуск главного цикла обработки событий
2025-09-26 11:18:31,189 - INFO - Таблицы базы данных успешно созданы
2025-09-26 11:18:37,491 - INFO - Диалоговое окно открыто
2025-09-26 11:20:09,511 - INFO - Добавлен новый эксперимент: checkProgram (ID: 1)
2025-09-26 11:20:09,511 - INFO - Добавлен эксперимент: checkProgram (ID: 1)
2025-09-26 11:20:11,988 - INFO - Новые данные были добавлены через диалоговое окно
2025-09-26 11:20:15,190 - INFO - Получено 1 экспериментов
2025-09-26 11:20:15,198 - INFO - Загружено 1 экспериментов
2025-09-26 11:20:15,198 - INFO - Окно просмотра данных создано
2025-09-26 11:20:15,218 - INFO - Окно просмотра данных было открыто
2025-09-26 11:20:20,388 - INFO - Окно просмотра данных закрыто
2025-09-26 11:20:22,132 - ERROR - Необработанное исключение: Traceback (most recent call last):
  File "C:\Users\Станислав\PycharmProjects\PythonProject228\windows.py", line 119, in open_logs_windows
    self.logs_window = LogsWindows(self)
                       ~~~~~~~~~~~^^^^^^
  File "C:\Users\Станислав\PycharmProjects\PythonProject228\windows.py", line 28, in __init__
    self.refresh_bth.clicked.connect(self.load_logs)
    ^^^^^^^^^^^^^^^^
AttributeError: 'LogsWindows' object has no attribute 'refresh_bth'. Did you mean: 'refresh_btn'?

2025-09-26 11:20:22,132 - ERROR - Критическая ошибка: Произошла критическая ошибка:
'LogsWindows' object has no attribute 'refresh_bth'

Подробности в лог-файле.
2025-09-26 11:20:31,446 - INFO - Получено 1 экспериментов
2025-09-26 11:20:31,448 - INFO - Загружено 1 экспериментов
2025-09-26 11:20:31,448 - INFO - Окно просмотра данных создано
2025-09-26 11:20:31,474 - INFO - Окно просмотра данных было открыто
2025-09-26 11:20:33,652 - INFO - Окно просмотра данных закрыто
2025-09-26 11:20:35,506 - ERROR - Необработанное исключение: Traceback (most recent call last):
  File "C:\Users\Станислав\PycharmProjects\PythonProject228\windows.py", line 119, in open_logs_windows
    self.logs_window = LogsWindows(self)
                       ~~~~~~~~~~~^^^^^^
  File "C:\Users\Станислав\PycharmProjects\PythonProject228\windows.py", line 28, in __init__
    self.refresh_bth.clicked.connect(self.load_logs)
    ^^^^^^^^^^^^^^^^
AttributeError: 'LogsWindows' object has no attribute 'refresh_bth'. Did you mean: 'refresh_btn'?

2025-09-26 11:20:35,506 - ERROR - Критическая ошибка: Произошла критическая ошибка:
'LogsWindows' object has no attribute 'refresh_bth'

Подробности в лог-файле.
2025-09-26 11:31:34,083 - INFO - ============================================================
2025-09-26 11:31:34,083 - INFO - Запуск приложения 'Платформа для A/B тестирования'
2025-09-26 11:31:34,083 - INFO - ============================================================
2025-09-26 11:31:34,157 - INFO - Создание главного окна приложения
2025-09-26 11:31:34,167 - INFO - Главное окно приложения инициализировано
2025-09-26 11:31:34,167 - INFO - Отображение главного окна
2025-09-26 11:31:34,242 - INFO - Запуск главного цикла обработки событий
2025-09-26 11:31:36,523 - INFO - Логи загружены в окно просмотра
2025-09-26 11:31:36,524 - INFO - Окно просмотра логов инициализировано
2025-09-26 11:31:36,580 - INFO - Окно просмотра логов было открыто
2025-09-26 11:31:42,074 - INFO - Логи загружены в окно просмотра
2025-09-26 11:31:55,705 - INFO - Получено 1 экспериментов
2025-09-26 11:31:55,710 - INFO - Загружено 1 экспериментов
2025-09-26 11:31:55,711 - INFO - Окно просмотра данных создано
2025-09-26 11:31:55,729 - INFO - Окно просмотра данных было открыто
2025-09-26 11:31:57,811 - INFO - Окно просмотра данных закрыто
2025-09-26 11:31:59,085 - INFO - Диалоговое окно открыто
2025-09-26 11:32:02,357 - INFO - Таблицы базы данных успешно созданы
2025-09-26 11:32:08,152 - INFO - Получено 1 экспериментов
2025-09-26 11:32:08,153 - INFO - Загружено 1 экспериментов
2025-09-26 11:32:08,153 - INFO - Окно просмотра данных создано
2025-09-26 11:32:08,177 - INFO - Окно просмотра данных было открыто
2025-09-26 11:32:10,235 - INFO - Окно просмотра данных закрыто
2025-09-26 11:32:12,270 - INFO - Приложение завершено с кодом возврата: 0
2025-09-26 11:32:12,321 - INFO - Приложение корректно завершило работу
2025-09-26 11:32:12,321 - INFO - ============================================================
2025-09-26 11:32:12,321 - INFO - Завершение работы приложения
2025-09-26 11:32:12,321 - INFO - ============================================================
2025-09-26 13:11:22,423 - INFO - ============================================================
2025-09-26 13:11:22,424 - INFO - Запуск приложения 'Платформа для A/B тестирования'
2025-09-26 13:11:22,424 - INFO - ============================================================
2025-09-26 13:11:22,568 - INFO - Создание главного окна приложения
2025-09-26 13:11:22,611 - INFO - Главное окно приложения инициализировано
2025-09-26 13:11:22,612 - INFO - Отображение главного окна
2025-09-26 13:11:22,695 - INFO - Запуск главного цикла обработки событий
2025-09-26 13:12:09,816 - INFO - Логи загружены в окно просмотра
2025-09-26 13:12:09,817 - INFO - Окно просмотра логов инициализировано
2025-09-26 13:12:09,843 - INFO - Окно просмотра логов было открыто
2025-09-26 13:12:21,123 - INFO - Получено 1 экспериментов
2025-09-26 13:12:21,128 - INFO - Загружено 1 экспериментов
2025-09-26 13:12:21,128 - INFO - Окно просмотра данных создано
2025-09-26 13:12:21,139 - INFO - Окно просмотра данных было открыто
2025-09-26 13:12:31,610 - INFO - Окно просмотра данных закрыто
2025-09-26 13:12:42,374 - INFO - Приложение завершено с кодом возврата: 0
2025-09-26 13:12:42,400 - INFO - Приложение корректно завершило работу
2025-09-26 13:12:42,400 - INFO - ============================================================
2025-09-26 13:12:42,400 - INFO - Завершение работы приложения
2025-09-26 13:12:42,401 - INFO - ============================================================
